<?xml version="1.0" encoding="UTF-8"?>
<testsuite xmlns:xsi="http://www.w3.org/2001/XMLSchema-instance" xsi:noNamespaceSchemaLocation="https://maven.apache.org/surefire/maven-surefire-plugin/xsd/surefire-test-report.xsd" name="cn.lemon.VueblogApplicationTests" time="8.592" tests="1" errors="0" skipped="0" failures="0">
  <properties>
    <property name="sun.desktop" value="windows"/>
    <property name="awt.toolkit" value="sun.awt.windows.WToolkit"/>
    <property name="file.encoding.pkg" value="sun.io"/>
    <property name="java.specification.version" value="1.8"/>
    <property name="sun.cpu.isalist" value="amd64"/>
    <property name="sun.jnu.encoding" value="GBK"/>
    <property name="java.class.path" value="D:\javaproject\开源项目\vueblog\target\test-classes;D:\javaproject\开源项目\vueblog\target\classes;D:\Environmental\apache-maven-3.6.3\maven-repo\org\springframework\boot\spring-boot-starter-web\2.4.4\spring-boot-starter-web-2.4.4.jar;D:\Environmental\apache-maven-3.6.3\maven-repo\org\springframework\boot\spring-boot-starter\2.4.4\spring-boot-starter-2.4.4.jar;D:\Environmental\apache-maven-3.6.3\maven-repo\org\springframework\boot\spring-boot-starter-logging\2.4.4\spring-boot-starter-logging-2.4.4.jar;D:\Environmental\apache-maven-3.6.3\maven-repo\ch\qos\logback\logback-classic\1.2.3\logback-classic-1.2.3.jar;D:\Environmental\apache-maven-3.6.3\maven-repo\ch\qos\logback\logback-core\1.2.3\logback-core-1.2.3.jar;D:\Environmental\apache-maven-3.6.3\maven-repo\org\apache\logging\log4j\log4j-to-slf4j\2.13.3\log4j-to-slf4j-2.13.3.jar;D:\Environmental\apache-maven-3.6.3\maven-repo\org\apache\logging\log4j\log4j-api\2.13.3\log4j-api-2.13.3.jar;D:\Environmental\apache-maven-3.6.3\maven-repo\org\slf4j\jul-to-slf4j\1.7.30\jul-to-slf4j-1.7.30.jar;D:\Environmental\apache-maven-3.6.3\maven-repo\jakarta\annotation\jakarta.annotation-api\1.3.5\jakarta.annotation-api-1.3.5.jar;D:\Environmental\apache-maven-3.6.3\maven-repo\org\yaml\snakeyaml\1.27\snakeyaml-1.27.jar;D:\Environmental\apache-maven-3.6.3\maven-repo\org\springframework\boot\spring-boot-starter-json\2.4.4\spring-boot-starter-json-2.4.4.jar;D:\Environmental\apache-maven-3.6.3\maven-repo\com\fasterxml\jackson\datatype\jackson-datatype-jdk8\2.11.4\jackson-datatype-jdk8-2.11.4.jar;D:\Environmental\apache-maven-3.6.3\maven-repo\com\fasterxml\jackson\datatype\jackson-datatype-jsr310\2.11.4\jackson-datatype-jsr310-2.11.4.jar;D:\Environmental\apache-maven-3.6.3\maven-repo\com\fasterxml\jackson\module\jackson-module-parameter-names\2.11.4\jackson-module-parameter-names-2.11.4.jar;D:\Environmental\apache-maven-3.6.3\maven-repo\org\springframework\boot\spring-boot-starter-tomcat\2.4.4\spring-boot-starter-tomcat-2.4.4.jar;D:\Environmental\apache-maven-3.6.3\maven-repo\org\apache\tomcat\embed\tomcat-embed-core\9.0.44\tomcat-embed-core-9.0.44.jar;D:\Environmental\apache-maven-3.6.3\maven-repo\org\apache\tomcat\embed\tomcat-embed-websocket\9.0.44\tomcat-embed-websocket-9.0.44.jar;D:\Environmental\apache-maven-3.6.3\maven-repo\org\springframework\spring-web\5.3.5\spring-web-5.3.5.jar;D:\Environmental\apache-maven-3.6.3\maven-repo\org\springframework\spring-beans\5.3.5\spring-beans-5.3.5.jar;D:\Environmental\apache-maven-3.6.3\maven-repo\org\springframework\spring-webmvc\5.3.5\spring-webmvc-5.3.5.jar;D:\Environmental\apache-maven-3.6.3\maven-repo\org\springframework\spring-aop\5.3.5\spring-aop-5.3.5.jar;D:\Environmental\apache-maven-3.6.3\maven-repo\org\springframework\spring-context\5.3.5\spring-context-5.3.5.jar;D:\Environmental\apache-maven-3.6.3\maven-repo\org\springframework\spring-expression\5.3.5\spring-expression-5.3.5.jar;D:\Environmental\apache-maven-3.6.3\maven-repo\org\springframework\boot\spring-boot-devtools\2.4.4\spring-boot-devtools-2.4.4.jar;D:\Environmental\apache-maven-3.6.3\maven-repo\org\springframework\boot\spring-boot\2.4.4\spring-boot-2.4.4.jar;D:\Environmental\apache-maven-3.6.3\maven-repo\org\springframework\boot\spring-boot-autoconfigure\2.4.4\spring-boot-autoconfigure-2.4.4.jar;D:\Environmental\apache-maven-3.6.3\maven-repo\mysql\mysql-connector-java\8.0.23\mysql-connector-java-8.0.23.jar;D:\Environmental\apache-maven-3.6.3\maven-repo\org\projectlombok\lombok\1.18.18\lombok-1.18.18.jar;D:\Environmental\apache-maven-3.6.3\maven-repo\org\springframework\boot\spring-boot-starter-test\2.4.4\spring-boot-starter-test-2.4.4.jar;D:\Environmental\apache-maven-3.6.3\maven-repo\org\springframework\boot\spring-boot-test\2.4.4\spring-boot-test-2.4.4.jar;D:\Environmental\apache-maven-3.6.3\maven-repo\org\springframework\boot\spring-boot-test-autoconfigure\2.4.4\spring-boot-test-autoconfigure-2.4.4.jar;D:\Environmental\apache-maven-3.6.3\maven-repo\com\jayway\jsonpath\json-path\2.4.0\json-path-2.4.0.jar;D:\Environmental\apache-maven-3.6.3\maven-repo\net\minidev\json-smart\2.3\json-smart-2.3.jar;D:\Environmental\apache-maven-3.6.3\maven-repo\net\minidev\accessors-smart\1.2\accessors-smart-1.2.jar;D:\Environmental\apache-maven-3.6.3\maven-repo\org\ow2\asm\asm\5.0.4\asm-5.0.4.jar;D:\Environmental\apache-maven-3.6.3\maven-repo\org\slf4j\slf4j-api\1.7.30\slf4j-api-1.7.30.jar;D:\Environmental\apache-maven-3.6.3\maven-repo\jakarta\xml\bind\jakarta.xml.bind-api\2.3.3\jakarta.xml.bind-api-2.3.3.jar;D:\Environmental\apache-maven-3.6.3\maven-repo\jakarta\activation\jakarta.activation-api\1.2.2\jakarta.activation-api-1.2.2.jar;D:\Environmental\apache-maven-3.6.3\maven-repo\org\assertj\assertj-core\3.18.1\assertj-core-3.18.1.jar;D:\Environmental\apache-maven-3.6.3\maven-repo\org\hamcrest\hamcrest\2.2\hamcrest-2.2.jar;D:\Environmental\apache-maven-3.6.3\maven-repo\org\junit\jupiter\junit-jupiter\5.7.1\junit-jupiter-5.7.1.jar;D:\Environmental\apache-maven-3.6.3\maven-repo\org\junit\jupiter\junit-jupiter-api\5.7.1\junit-jupiter-api-5.7.1.jar;D:\Environmental\apache-maven-3.6.3\maven-repo\org\apiguardian\apiguardian-api\1.1.0\apiguardian-api-1.1.0.jar;D:\Environmental\apache-maven-3.6.3\maven-repo\org\opentest4j\opentest4j\1.2.0\opentest4j-1.2.0.jar;D:\Environmental\apache-maven-3.6.3\maven-repo\org\junit\platform\junit-platform-commons\1.7.1\junit-platform-commons-1.7.1.jar;D:\Environmental\apache-maven-3.6.3\maven-repo\org\junit\jupiter\junit-jupiter-params\5.7.1\junit-jupiter-params-5.7.1.jar;D:\Environmental\apache-maven-3.6.3\maven-repo\org\junit\jupiter\junit-jupiter-engine\5.7.1\junit-jupiter-engine-5.7.1.jar;D:\Environmental\apache-maven-3.6.3\maven-repo\org\junit\platform\junit-platform-engine\1.7.1\junit-platform-engine-1.7.1.jar;D:\Environmental\apache-maven-3.6.3\maven-repo\org\mockito\mockito-core\3.6.28\mockito-core-3.6.28.jar;D:\Environmental\apache-maven-3.6.3\maven-repo\net\bytebuddy\byte-buddy\1.10.22\byte-buddy-1.10.22.jar;D:\Environmental\apache-maven-3.6.3\maven-repo\net\bytebuddy\byte-buddy-agent\1.10.22\byte-buddy-agent-1.10.22.jar;D:\Environmental\apache-maven-3.6.3\maven-repo\org\objenesis\objenesis\3.1\objenesis-3.1.jar;D:\Environmental\apache-maven-3.6.3\maven-repo\org\mockito\mockito-junit-jupiter\3.6.28\mockito-junit-jupiter-3.6.28.jar;D:\Environmental\apache-maven-3.6.3\maven-repo\org\skyscreamer\jsonassert\1.5.0\jsonassert-1.5.0.jar;D:\Environmental\apache-maven-3.6.3\maven-repo\com\vaadin\external\google\android-json\0.0.20131108.vaadin1\android-json-0.0.20131108.vaadin1.jar;D:\Environmental\apache-maven-3.6.3\maven-repo\org\springframework\spring-core\5.3.5\spring-core-5.3.5.jar;D:\Environmental\apache-maven-3.6.3\maven-repo\org\springframework\spring-jcl\5.3.5\spring-jcl-5.3.5.jar;D:\Environmental\apache-maven-3.6.3\maven-repo\org\springframework\spring-test\5.3.5\spring-test-5.3.5.jar;D:\Environmental\apache-maven-3.6.3\maven-repo\org\xmlunit\xmlunit-core\2.7.0\xmlunit-core-2.7.0.jar;D:\Environmental\apache-maven-3.6.3\maven-repo\com\baomidou\mybatis-plus-boot-starter\3.2.0\mybatis-plus-boot-starter-3.2.0.jar;D:\Environmental\apache-maven-3.6.3\maven-repo\com\baomidou\mybatis-plus\3.2.0\mybatis-plus-3.2.0.jar;D:\Environmental\apache-maven-3.6.3\maven-repo\org\springframework\boot\spring-boot-starter-jdbc\2.4.4\spring-boot-starter-jdbc-2.4.4.jar;D:\Environmental\apache-maven-3.6.3\maven-repo\com\zaxxer\HikariCP\3.4.5\HikariCP-3.4.5.jar;D:\Environmental\apache-maven-3.6.3\maven-repo\org\springframework\spring-jdbc\5.3.5\spring-jdbc-5.3.5.jar;D:\Environmental\apache-maven-3.6.3\maven-repo\org\springframework\spring-tx\5.3.5\spring-tx-5.3.5.jar;D:\Environmental\apache-maven-3.6.3\maven-repo\org\freemarker\freemarker\2.3.31\freemarker-2.3.31.jar;D:\Environmental\apache-maven-3.6.3\maven-repo\org\springframework\boot\spring-boot-starter-validation\2.4.4\spring-boot-starter-validation-2.4.4.jar;D:\Environmental\apache-maven-3.6.3\maven-repo\org\glassfish\jakarta.el\3.0.3\jakarta.el-3.0.3.jar;D:\Environmental\apache-maven-3.6.3\maven-repo\org\hibernate\validator\hibernate-validator\6.1.7.Final\hibernate-validator-6.1.7.Final.jar;D:\Environmental\apache-maven-3.6.3\maven-repo\jakarta\validation\jakarta.validation-api\2.0.2\jakarta.validation-api-2.0.2.jar;D:\Environmental\apache-maven-3.6.3\maven-repo\org\jboss\logging\jboss-logging\3.4.1.Final\jboss-logging-3.4.1.Final.jar;D:\Environmental\apache-maven-3.6.3\maven-repo\com\fasterxml\classmate\1.5.1\classmate-1.5.1.jar;D:\Environmental\apache-maven-3.6.3\maven-repo\com\baomidou\mybatis-plus-generator\3.2.0\mybatis-plus-generator-3.2.0.jar;D:\Environmental\apache-maven-3.6.3\maven-repo\com\baomidou\mybatis-plus-extension\3.2.0\mybatis-plus-extension-3.2.0.jar;D:\Environmental\apache-maven-3.6.3\maven-repo\com\baomidou\mybatis-plus-core\3.2.0\mybatis-plus-core-3.2.0.jar;D:\Environmental\apache-maven-3.6.3\maven-repo\com\baomidou\mybatis-plus-annotation\3.2.0\mybatis-plus-annotation-3.2.0.jar;D:\Environmental\apache-maven-3.6.3\maven-repo\com\github\jsqlparser\jsqlparser\2.1\jsqlparser-2.1.jar;D:\Environmental\apache-maven-3.6.3\maven-repo\org\mybatis\mybatis\3.5.2\mybatis-3.5.2.jar;D:\Environmental\apache-maven-3.6.3\maven-repo\org\mybatis\mybatis-spring\2.0.2\mybatis-spring-2.0.2.jar;D:\Environmental\apache-maven-3.6.3\maven-repo\org\crazycake\shiro-redis-spring-boot-starter\3.2.1\shiro-redis-spring-boot-starter-3.2.1.jar;D:\Environmental\apache-maven-3.6.3\maven-repo\org\crazycake\shiro-redis\3.2.0\shiro-redis-3.2.0.jar;D:\Environmental\apache-maven-3.6.3\maven-repo\redis\clients\jedis\3.3.0\jedis-3.3.0.jar;D:\Environmental\apache-maven-3.6.3\maven-repo\org\apache\commons\commons-pool2\2.9.0\commons-pool2-2.9.0.jar;D:\Environmental\apache-maven-3.6.3\maven-repo\org\apache\shiro\shiro-core\1.3.2\shiro-core-1.3.2.jar;D:\Environmental\apache-maven-3.6.3\maven-repo\commons-beanutils\commons-beanutils\1.8.3\commons-beanutils-1.8.3.jar;D:\Environmental\apache-maven-3.6.3\maven-repo\com\puppycrawl\tools\checkstyle\8.3\checkstyle-8.3.jar;D:\Environmental\apache-maven-3.6.3\maven-repo\antlr\antlr\2.7.7\antlr-2.7.7.jar;D:\Environmental\apache-maven-3.6.3\maven-repo\org\antlr\antlr4-runtime\4.7\antlr4-runtime-4.7.jar;D:\Environmental\apache-maven-3.6.3\maven-repo\commons-cli\commons-cli\1.4\commons-cli-1.4.jar;D:\Environmental\apache-maven-3.6.3\maven-repo\com\google\guava\guava\23.0\guava-23.0.jar;D:\Environmental\apache-maven-3.6.3\maven-repo\com\google\code\findbugs\jsr305\1.3.9\jsr305-1.3.9.jar;D:\Environmental\apache-maven-3.6.3\maven-repo\com\google\errorprone\error_prone_annotations\2.0.18\error_prone_annotations-2.0.18.jar;D:\Environmental\apache-maven-3.6.3\maven-repo\com\google\j2objc\j2objc-annotations\1.1\j2objc-annotations-1.1.jar;D:\Environmental\apache-maven-3.6.3\maven-repo\org\codehaus\mojo\animal-sniffer-annotations\1.14\animal-sniffer-annotations-1.14.jar;D:\Environmental\apache-maven-3.6.3\maven-repo\net\sf\saxon\Saxon-HE\9.8.0-4\Saxon-HE-9.8.0-4.jar;D:\Program Files\Java\jdk1.8.0\jre\..\lib\tools.jar;D:\Environmental\apache-maven-3.6.3\maven-repo\org\apache\shiro\shiro-spring-boot-web-starter\1.4.0-RC2\shiro-spring-boot-web-starter-1.4.0-RC2.jar;D:\Environmental\apache-maven-3.6.3\maven-repo\org\apache\shiro\shiro-spring\1.4.0-RC2\shiro-spring-1.4.0-RC2.jar;D:\Environmental\apache-maven-3.6.3\maven-repo\org\apache\shiro\shiro-web\1.4.0-RC2\shiro-web-1.4.0-RC2.jar;D:\Environmental\apache-maven-3.6.3\maven-repo\cn\hutool\hutool-all\5.3.3\hutool-all-5.3.3.jar;D:\Environmental\apache-maven-3.6.3\maven-repo\io\jsonwebtoken\jjwt\0.9.1\jjwt-0.9.1.jar;D:\Environmental\apache-maven-3.6.3\maven-repo\com\fasterxml\jackson\core\jackson-databind\2.11.4\jackson-databind-2.11.4.jar;D:\Environmental\apache-maven-3.6.3\maven-repo\com\fasterxml\jackson\core\jackson-annotations\2.11.4\jackson-annotations-2.11.4.jar;D:\Environmental\apache-maven-3.6.3\maven-repo\com\fasterxml\jackson\core\jackson-core\2.11.4\jackson-core-2.11.4.jar;"/>
    <property name="java.vm.vendor" value="Oracle Corporation"/>
    <property name="sun.arch.data.model" value="64"/>
    <property name="user.variant" value=""/>
    <property name="java.vendor.url" value="http://java.oracle.com/"/>
    <property name="user.timezone" value="Asia/Shanghai"/>
    <property name="java.vm.specification.version" value="1.8"/>
    <property name="os.name" value="Windows 10"/>
    <property name="user.country" value="CN"/>
    <property name="sun.java.launcher" value="SUN_STANDARD"/>
    <property name="sun.boot.library.path" value="D:\Program Files\Java\jdk1.8.0\jre\bin"/>
    <property name="sun.java.command" value="C:\Users\ADMINI~1\AppData\Local\Temp\surefire8134111648515146642\surefirebooter1554780294425089871.jar C:\Users\Administrator\AppData\Local\Temp\surefire8134111648515146642 2021-04-12T13-00-41_776-jvmRun1 surefire6764509625221862701tmp surefire_01886047392170268468tmp"/>
    <property name="surefire.test.class.path" value="D:\javaproject\开源项目\vueblog\target\test-classes;D:\javaproject\开源项目\vueblog\target\classes;D:\Environmental\apache-maven-3.6.3\maven-repo\org\springframework\boot\spring-boot-starter-web\2.4.4\spring-boot-starter-web-2.4.4.jar;D:\Environmental\apache-maven-3.6.3\maven-repo\org\springframework\boot\spring-boot-starter\2.4.4\spring-boot-starter-2.4.4.jar;D:\Environmental\apache-maven-3.6.3\maven-repo\org\springframework\boot\spring-boot-starter-logging\2.4.4\spring-boot-starter-logging-2.4.4.jar;D:\Environmental\apache-maven-3.6.3\maven-repo\ch\qos\logback\logback-classic\1.2.3\logback-classic-1.2.3.jar;D:\Environmental\apache-maven-3.6.3\maven-repo\ch\qos\logback\logback-core\1.2.3\logback-core-1.2.3.jar;D:\Environmental\apache-maven-3.6.3\maven-repo\org\apache\logging\log4j\log4j-to-slf4j\2.13.3\log4j-to-slf4j-2.13.3.jar;D:\Environmental\apache-maven-3.6.3\maven-repo\org\apache\logging\log4j\log4j-api\2.13.3\log4j-api-2.13.3.jar;D:\Environmental\apache-maven-3.6.3\maven-repo\org\slf4j\jul-to-slf4j\1.7.30\jul-to-slf4j-1.7.30.jar;D:\Environmental\apache-maven-3.6.3\maven-repo\jakarta\annotation\jakarta.annotation-api\1.3.5\jakarta.annotation-api-1.3.5.jar;D:\Environmental\apache-maven-3.6.3\maven-repo\org\yaml\snakeyaml\1.27\snakeyaml-1.27.jar;D:\Environmental\apache-maven-3.6.3\maven-repo\org\springframework\boot\spring-boot-starter-json\2.4.4\spring-boot-starter-json-2.4.4.jar;D:\Environmental\apache-maven-3.6.3\maven-repo\com\fasterxml\jackson\datatype\jackson-datatype-jdk8\2.11.4\jackson-datatype-jdk8-2.11.4.jar;D:\Environmental\apache-maven-3.6.3\maven-repo\com\fasterxml\jackson\datatype\jackson-datatype-jsr310\2.11.4\jackson-datatype-jsr310-2.11.4.jar;D:\Environmental\apache-maven-3.6.3\maven-repo\com\fasterxml\jackson\module\jackson-module-parameter-names\2.11.4\jackson-module-parameter-names-2.11.4.jar;D:\Environmental\apache-maven-3.6.3\maven-repo\org\springframework\boot\spring-boot-starter-tomcat\2.4.4\spring-boot-starter-tomcat-2.4.4.jar;D:\Environmental\apache-maven-3.6.3\maven-repo\org\apache\tomcat\embed\tomcat-embed-core\9.0.44\tomcat-embed-core-9.0.44.jar;D:\Environmental\apache-maven-3.6.3\maven-repo\org\apache\tomcat\embed\tomcat-embed-websocket\9.0.44\tomcat-embed-websocket-9.0.44.jar;D:\Environmental\apache-maven-3.6.3\maven-repo\org\springframework\spring-web\5.3.5\spring-web-5.3.5.jar;D:\Environmental\apache-maven-3.6.3\maven-repo\org\springframework\spring-beans\5.3.5\spring-beans-5.3.5.jar;D:\Environmental\apache-maven-3.6.3\maven-repo\org\springframework\spring-webmvc\5.3.5\spring-webmvc-5.3.5.jar;D:\Environmental\apache-maven-3.6.3\maven-repo\org\springframework\spring-aop\5.3.5\spring-aop-5.3.5.jar;D:\Environmental\apache-maven-3.6.3\maven-repo\org\springframework\spring-context\5.3.5\spring-context-5.3.5.jar;D:\Environmental\apache-maven-3.6.3\maven-repo\org\springframework\spring-expression\5.3.5\spring-expression-5.3.5.jar;D:\Environmental\apache-maven-3.6.3\maven-repo\org\springframework\boot\spring-boot-devtools\2.4.4\spring-boot-devtools-2.4.4.jar;D:\Environmental\apache-maven-3.6.3\maven-repo\org\springframework\boot\spring-boot\2.4.4\spring-boot-2.4.4.jar;D:\Environmental\apache-maven-3.6.3\maven-repo\org\springframework\boot\spring-boot-autoconfigure\2.4.4\spring-boot-autoconfigure-2.4.4.jar;D:\Environmental\apache-maven-3.6.3\maven-repo\mysql\mysql-connector-java\8.0.23\mysql-connector-java-8.0.23.jar;D:\Environmental\apache-maven-3.6.3\maven-repo\org\projectlombok\lombok\1.18.18\lombok-1.18.18.jar;D:\Environmental\apache-maven-3.6.3\maven-repo\org\springframework\boot\spring-boot-starter-test\2.4.4\spring-boot-starter-test-2.4.4.jar;D:\Environmental\apache-maven-3.6.3\maven-repo\org\springframework\boot\spring-boot-test\2.4.4\spring-boot-test-2.4.4.jar;D:\Environmental\apache-maven-3.6.3\maven-repo\org\springframework\boot\spring-boot-test-autoconfigure\2.4.4\spring-boot-test-autoconfigure-2.4.4.jar;D:\Environmental\apache-maven-3.6.3\maven-repo\com\jayway\jsonpath\json-path\2.4.0\json-path-2.4.0.jar;D:\Environmental\apache-maven-3.6.3\maven-repo\net\minidev\json-smart\2.3\json-smart-2.3.jar;D:\Environmental\apache-maven-3.6.3\maven-repo\net\minidev\accessors-smart\1.2\accessors-smart-1.2.jar;D:\Environmental\apache-maven-3.6.3\maven-repo\org\ow2\asm\asm\5.0.4\asm-5.0.4.jar;D:\Environmental\apache-maven-3.6.3\maven-repo\org\slf4j\slf4j-api\1.7.30\slf4j-api-1.7.30.jar;D:\Environmental\apache-maven-3.6.3\maven-repo\jakarta\xml\bind\jakarta.xml.bind-api\2.3.3\jakarta.xml.bind-api-2.3.3.jar;D:\Environmental\apache-maven-3.6.3\maven-repo\jakarta\activation\jakarta.activation-api\1.2.2\jakarta.activation-api-1.2.2.jar;D:\Environmental\apache-maven-3.6.3\maven-repo\org\assertj\assertj-core\3.18.1\assertj-core-3.18.1.jar;D:\Environmental\apache-maven-3.6.3\maven-repo\org\hamcrest\hamcrest\2.2\hamcrest-2.2.jar;D:\Environmental\apache-maven-3.6.3\maven-repo\org\junit\jupiter\junit-jupiter\5.7.1\junit-jupiter-5.7.1.jar;D:\Environmental\apache-maven-3.6.3\maven-repo\org\junit\jupiter\junit-jupiter-api\5.7.1\junit-jupiter-api-5.7.1.jar;D:\Environmental\apache-maven-3.6.3\maven-repo\org\apiguardian\apiguardian-api\1.1.0\apiguardian-api-1.1.0.jar;D:\Environmental\apache-maven-3.6.3\maven-repo\org\opentest4j\opentest4j\1.2.0\opentest4j-1.2.0.jar;D:\Environmental\apache-maven-3.6.3\maven-repo\org\junit\platform\junit-platform-commons\1.7.1\junit-platform-commons-1.7.1.jar;D:\Environmental\apache-maven-3.6.3\maven-repo\org\junit\jupiter\junit-jupiter-params\5.7.1\junit-jupiter-params-5.7.1.jar;D:\Environmental\apache-maven-3.6.3\maven-repo\org\junit\jupiter\junit-jupiter-engine\5.7.1\junit-jupiter-engine-5.7.1.jar;D:\Environmental\apache-maven-3.6.3\maven-repo\org\junit\platform\junit-platform-engine\1.7.1\junit-platform-engine-1.7.1.jar;D:\Environmental\apache-maven-3.6.3\maven-repo\org\mockito\mockito-core\3.6.28\mockito-core-3.6.28.jar;D:\Environmental\apache-maven-3.6.3\maven-repo\net\bytebuddy\byte-buddy\1.10.22\byte-buddy-1.10.22.jar;D:\Environmental\apache-maven-3.6.3\maven-repo\net\bytebuddy\byte-buddy-agent\1.10.22\byte-buddy-agent-1.10.22.jar;D:\Environmental\apache-maven-3.6.3\maven-repo\org\objenesis\objenesis\3.1\objenesis-3.1.jar;D:\Environmental\apache-maven-3.6.3\maven-repo\org\mockito\mockito-junit-jupiter\3.6.28\mockito-junit-jupiter-3.6.28.jar;D:\Environmental\apache-maven-3.6.3\maven-repo\org\skyscreamer\jsonassert\1.5.0\jsonassert-1.5.0.jar;D:\Environmental\apache-maven-3.6.3\maven-repo\com\vaadin\external\google\android-json\0.0.20131108.vaadin1\android-json-0.0.20131108.vaadin1.jar;D:\Environmental\apache-maven-3.6.3\maven-repo\org\springframework\spring-core\5.3.5\spring-core-5.3.5.jar;D:\Environmental\apache-maven-3.6.3\maven-repo\org\springframework\spring-jcl\5.3.5\spring-jcl-5.3.5.jar;D:\Environmental\apache-maven-3.6.3\maven-repo\org\springframework\spring-test\5.3.5\spring-test-5.3.5.jar;D:\Environmental\apache-maven-3.6.3\maven-repo\org\xmlunit\xmlunit-core\2.7.0\xmlunit-core-2.7.0.jar;D:\Environmental\apache-maven-3.6.3\maven-repo\com\baomidou\mybatis-plus-boot-starter\3.2.0\mybatis-plus-boot-starter-3.2.0.jar;D:\Environmental\apache-maven-3.6.3\maven-repo\com\baomidou\mybatis-plus\3.2.0\mybatis-plus-3.2.0.jar;D:\Environmental\apache-maven-3.6.3\maven-repo\org\springframework\boot\spring-boot-starter-jdbc\2.4.4\spring-boot-starter-jdbc-2.4.4.jar;D:\Environmental\apache-maven-3.6.3\maven-repo\com\zaxxer\HikariCP\3.4.5\HikariCP-3.4.5.jar;D:\Environmental\apache-maven-3.6.3\maven-repo\org\springframework\spring-jdbc\5.3.5\spring-jdbc-5.3.5.jar;D:\Environmental\apache-maven-3.6.3\maven-repo\org\springframework\spring-tx\5.3.5\spring-tx-5.3.5.jar;D:\Environmental\apache-maven-3.6.3\maven-repo\org\freemarker\freemarker\2.3.31\freemarker-2.3.31.jar;D:\Environmental\apache-maven-3.6.3\maven-repo\org\springframework\boot\spring-boot-starter-validation\2.4.4\spring-boot-starter-validation-2.4.4.jar;D:\Environmental\apache-maven-3.6.3\maven-repo\org\glassfish\jakarta.el\3.0.3\jakarta.el-3.0.3.jar;D:\Environmental\apache-maven-3.6.3\maven-repo\org\hibernate\validator\hibernate-validator\6.1.7.Final\hibernate-validator-6.1.7.Final.jar;D:\Environmental\apache-maven-3.6.3\maven-repo\jakarta\validation\jakarta.validation-api\2.0.2\jakarta.validation-api-2.0.2.jar;D:\Environmental\apache-maven-3.6.3\maven-repo\org\jboss\logging\jboss-logging\3.4.1.Final\jboss-logging-3.4.1.Final.jar;D:\Environmental\apache-maven-3.6.3\maven-repo\com\fasterxml\classmate\1.5.1\classmate-1.5.1.jar;D:\Environmental\apache-maven-3.6.3\maven-repo\com\baomidou\mybatis-plus-generator\3.2.0\mybatis-plus-generator-3.2.0.jar;D:\Environmental\apache-maven-3.6.3\maven-repo\com\baomidou\mybatis-plus-extension\3.2.0\mybatis-plus-extension-3.2.0.jar;D:\Environmental\apache-maven-3.6.3\maven-repo\com\baomidou\mybatis-plus-core\3.2.0\mybatis-plus-core-3.2.0.jar;D:\Environmental\apache-maven-3.6.3\maven-repo\com\baomidou\mybatis-plus-annotation\3.2.0\mybatis-plus-annotation-3.2.0.jar;D:\Environmental\apache-maven-3.6.3\maven-repo\com\github\jsqlparser\jsqlparser\2.1\jsqlparser-2.1.jar;D:\Environmental\apache-maven-3.6.3\maven-repo\org\mybatis\mybatis\3.5.2\mybatis-3.5.2.jar;D:\Environmental\apache-maven-3.6.3\maven-repo\org\mybatis\mybatis-spring\2.0.2\mybatis-spring-2.0.2.jar;D:\Environmental\apache-maven-3.6.3\maven-repo\org\crazycake\shiro-redis-spring-boot-starter\3.2.1\shiro-redis-spring-boot-starter-3.2.1.jar;D:\Environmental\apache-maven-3.6.3\maven-repo\org\crazycake\shiro-redis\3.2.0\shiro-redis-3.2.0.jar;D:\Environmental\apache-maven-3.6.3\maven-repo\redis\clients\jedis\3.3.0\jedis-3.3.0.jar;D:\Environmental\apache-maven-3.6.3\maven-repo\org\apache\commons\commons-pool2\2.9.0\commons-pool2-2.9.0.jar;D:\Environmental\apache-maven-3.6.3\maven-repo\org\apache\shiro\shiro-core\1.3.2\shiro-core-1.3.2.jar;D:\Environmental\apache-maven-3.6.3\maven-repo\commons-beanutils\commons-beanutils\1.8.3\commons-beanutils-1.8.3.jar;D:\Environmental\apache-maven-3.6.3\maven-repo\com\puppycrawl\tools\checkstyle\8.3\checkstyle-8.3.jar;D:\Environmental\apache-maven-3.6.3\maven-repo\antlr\antlr\2.7.7\antlr-2.7.7.jar;D:\Environmental\apache-maven-3.6.3\maven-repo\org\antlr\antlr4-runtime\4.7\antlr4-runtime-4.7.jar;D:\Environmental\apache-maven-3.6.3\maven-repo\commons-cli\commons-cli\1.4\commons-cli-1.4.jar;D:\Environmental\apache-maven-3.6.3\maven-repo\com\google\guava\guava\23.0\guava-23.0.jar;D:\Environmental\apache-maven-3.6.3\maven-repo\com\google\code\findbugs\jsr305\1.3.9\jsr305-1.3.9.jar;D:\Environmental\apache-maven-3.6.3\maven-repo\com\google\errorprone\error_prone_annotations\2.0.18\error_prone_annotations-2.0.18.jar;D:\Environmental\apache-maven-3.6.3\maven-repo\com\google\j2objc\j2objc-annotations\1.1\j2objc-annotations-1.1.jar;D:\Environmental\apache-maven-3.6.3\maven-repo\org\codehaus\mojo\animal-sniffer-annotations\1.14\animal-sniffer-annotations-1.14.jar;D:\Environmental\apache-maven-3.6.3\maven-repo\net\sf\saxon\Saxon-HE\9.8.0-4\Saxon-HE-9.8.0-4.jar;D:\Program Files\Java\jdk1.8.0\jre\..\lib\tools.jar;D:\Environmental\apache-maven-3.6.3\maven-repo\org\apache\shiro\shiro-spring-boot-web-starter\1.4.0-RC2\shiro-spring-boot-web-starter-1.4.0-RC2.jar;D:\Environmental\apache-maven-3.6.3\maven-repo\org\apache\shiro\shiro-spring\1.4.0-RC2\shiro-spring-1.4.0-RC2.jar;D:\Environmental\apache-maven-3.6.3\maven-repo\org\apache\shiro\shiro-web\1.4.0-RC2\shiro-web-1.4.0-RC2.jar;D:\Environmental\apache-maven-3.6.3\maven-repo\cn\hutool\hutool-all\5.3.3\hutool-all-5.3.3.jar;D:\Environmental\apache-maven-3.6.3\maven-repo\io\jsonwebtoken\jjwt\0.9.1\jjwt-0.9.1.jar;D:\Environmental\apache-maven-3.6.3\maven-repo\com\fasterxml\jackson\core\jackson-databind\2.11.4\jackson-databind-2.11.4.jar;D:\Environmental\apache-maven-3.6.3\maven-repo\com\fasterxml\jackson\core\jackson-annotations\2.11.4\jackson-annotations-2.11.4.jar;D:\Environmental\apache-maven-3.6.3\maven-repo\com\fasterxml\jackson\core\jackson-core\2.11.4\jackson-core-2.11.4.jar;"/>
    <property name="sun.cpu.endian" value="little"/>
    <property name="user.home" value="C:\Users\Administrator"/>
    <property name="user.language" value="zh"/>
    <property name="java.specification.vendor" value="Oracle Corporation"/>
    <property name="java.home" value="D:\Program Files\Java\jdk1.8.0\jre"/>
    <property name="basedir" value="D:\javaproject\开源项目\vueblog"/>
    <property name="file.separator" value="\"/>
    <property name="line.separator" value="&#10;"/>
    <property name="java.vm.specification.vendor" value="Oracle Corporation"/>
    <property name="java.specification.name" value="Java Platform API Specification"/>
    <property name="java.awt.graphicsenv" value="sun.awt.Win32GraphicsEnvironment"/>
    <property name="surefire.real.class.path" value="C:\Users\ADMINI~1\AppData\Local\Temp\surefire8134111648515146642\surefirebooter1554780294425089871.jar"/>
    <property name="sun.boot.class.path" value="D:\Program Files\Java\jdk1.8.0\jre\lib\resources.jar;D:\Program Files\Java\jdk1.8.0\jre\lib\rt.jar;D:\Program Files\Java\jdk1.8.0\jre\lib\sunrsasign.jar;D:\Program Files\Java\jdk1.8.0\jre\lib\jsse.jar;D:\Program Files\Java\jdk1.8.0\jre\lib\jce.jar;D:\Program Files\Java\jdk1.8.0\jre\lib\charsets.jar;D:\Program Files\Java\jdk1.8.0\jre\lib\jfr.jar;D:\Program Files\Java\jdk1.8.0\jre\classes"/>
    <property name="user.script" value=""/>
    <property name="sun.management.compiler" value="HotSpot 64-Bit Tiered Compilers"/>
    <property name="java.runtime.version" value="1.8.0_221-b11"/>
    <property name="user.name" value="Administrator"/>
    <property name="path.separator" value=";"/>
    <property name="os.version" value="10.0"/>
    <property name="java.endorsed.dirs" value="D:\Program Files\Java\jdk1.8.0\jre\lib\endorsed"/>
    <property name="java.runtime.name" value="Java(TM) SE Runtime Environment"/>
    <property name="file.encoding" value="GBK"/>
    <property name="java.vm.name" value="Java HotSpot(TM) 64-Bit Server VM"/>
    <property name="idea.version2020.1" value="true"/>
    <property name="localRepository" value="D:\Environmental\apache-maven-3.6.3\maven-repo"/>
    <property name="java.vendor.url.bug" value="http://bugreport.sun.com/bugreport/"/>
    <property name="java.io.tmpdir" value="C:\Users\ADMINI~1\AppData\Local\Temp\"/>
    <property name="java.version" value="1.8.0_221"/>
    <property name="user.dir" value="D:\javaproject\开源项目\vueblog"/>
    <property name="os.arch" value="amd64"/>
    <property name="java.vm.specification.name" value="Java Virtual Machine Specification"/>
    <property name="java.awt.printerjob" value="sun.awt.windows.WPrinterJob"/>
    <property name="sun.os.patch.level" value=""/>
    <property name="java.library.path" value="D:\Program Files\Java\jdk1.8.0\jre\bin;C:\WINDOWS\Sun\Java\bin;C:\WINDOWS\system32;C:\WINDOWS;C:\Program Files (x86)\Common Files\Oracle\Java\javapath;C:\Users\Administrator\AppData\Local\Programs\Python\Python38;D:\Program Files\Java\jdk1.8.0\bin;D:\Program Files\Java\jdk1.8.0\jre\bin;D:\Program Files (x86)\Microsoft VS Code\bin;D:\Program Files\nodejs\;C:\Program Files (x86)\NVIDIA Corporation\PhysX\Common;d:\Program Files\Git\cmd;D:\Program Files (x86)\MySQL\bin;C:\WINDOWS\system32;C:\WINDOWS;C:\WINDOWS\System32\Wbem;C:\WINDOWS\System32\WindowsPowerShell\v1.0\;C:\WINDOWS\System32\OpenSSH\;D:\Environmental\apache-maven-3.6.3\bin;D:\Environmental\MySQL\MySQL Server 5.5\bin;C:\Users\Administrator\AppData\Local\Programs\Python\Python38-32\Scripts\;C:\Users\Administrator\AppData\Local\Programs\Python\Python38-32\;C:\Users\Administrator\AppData\Local\Microsoft\WindowsApps;;D:\Program Files (x86)\WebStorm\WebStorm 2019.3.3\bin;;C:\Users\Administrator\AppData\Roaming\npm;d:\Program Files\JetBrains\IntelliJ IDEA 2020.1\bin;;."/>
    <property name="java.vm.info" value="mixed mode"/>
    <property name="java.vendor" value="Oracle Corporation"/>
    <property name="java.vm.version" value="25.221-b11"/>
    <property name="java.ext.dirs" value="D:\Program Files\Java\jdk1.8.0\jre\lib\ext;C:\WINDOWS\Sun\Java\lib\ext"/>
    <property name="sun.io.unicode.encoding" value="UnicodeLittle"/>
    <property name="maven.repo.local" value="D:\Environmental\apache-maven-3.6.3\maven-repo"/>
    <property name="java.class.version" value="52.0"/>
  </properties>
  <testcase name="contextLoads" classname="cn.lemon.VueblogApplicationTests" time="0.496"/>
</testsuite>